<?xml version="1.0" encoding="UTF-8"?>
<!-- Generated by org.testng.reporters.JUnitXMLReporter -->
<testsuite ignored="0" hostname="FoxyOldSom" failures="0" tests="3" name="Default test" time="5.815" errors="0" timestamp="2022-02-09T17:48:02 IST">
  <testcase classname="TestFramework.udemyFrame.textFieldValidate" name="homepage" time="0.069"/>
  <testcase classname="TestFramework.udemyFrame.textFieldValidate" name="homepage1" time="0.054"/>
  <testcase classname="TestFramework.udemyFrame.textFieldValidate" name="subscribe" time="0.024"/>
</testsuite> <!-- Default test -->
