<?xml version="1.0" encoding="UTF-8"?>
<!-- Generated by org.testng.reporters.JUnitXMLReporter -->
<testsuite ignored="0" hostname="FoxyOldSom" failures="0" tests="4" name="Test" time="24.895" errors="0" timestamp="2022-01-17T00:14:05 IST">
  <testcase classname="TestFramework.udemyFrame.textFieldValidate" name="homepage" time="0.055"/>
  <testcase classname="TestFramework.udemyFrame.headerValidate" name="homepage" time="0.092"/>
  <testcase classname="TestFramework.udemyFrame.basepageNavigation" name="homepage" time="6.65"/>
  <testcase classname="TestFramework.udemyFrame.basepageNavigation" name="homepage" time="6.916"/>
</testsuite> <!-- Test -->
