<?xml version="1.0" encoding="UTF-8"?>
<!-- Generated by org.testng.reporters.JUnitXMLReporter -->
<testsuite ignored="0" hostname="FoxyOldSom" failures="0" tests="3" name="Validating Text" time="5.365" errors="0" timestamp="2022-03-01T22:54:13 IST">
  <testcase classname="TestFramework.udemyFrame.textFieldValidate" name="homepage" time="0.092"/>
  <testcase classname="TestFramework.udemyFrame.textFieldValidate" name="homepage1" time="0.088"/>
  <testcase classname="TestFramework.udemyFrame.textFieldValidate" name="subscribe" time="0.045"/>
</testsuite> <!-- Validating Text -->
