<?xml version="1.0" encoding="UTF-8"?>
<!-- Generated by org.testng.reporters.JUnitXMLReporter -->
<testsuite ignored="0" hostname="FoxyOldSom" failures="0" tests="4" name="Test" time="29.699" errors="0" timestamp="2022-01-18T10:07:37 IST">
  <testcase classname="TestFramework.udemyFrame.textFieldValidate" name="homepage" time="0.09"/>
  <testcase classname="TestFramework.udemyFrame.headerValidate" name="homepage" time="0.153"/>
  <testcase classname="TestFramework.udemyFrame.basepageNavigation" name="homepage" time="8.86"/>
  <testcase classname="TestFramework.udemyFrame.basepageNavigation" name="homepage" time="10.2"/>
</testsuite> <!-- Test -->
