<?xml version="1.0" encoding="UTF-8"?>
<!-- Generated by org.testng.reporters.JUnitXMLReporter -->
<testsuite ignored="0" hostname="FoxyOldSom" failures="0" tests="3" name="Validating Text" time="8.896" errors="0" timestamp="2022-02-09T21:35:39 IST">
  <testcase classname="TestFramework.udemyFrame.textFieldValidate" name="homepage" time="0.056"/>
  <testcase classname="TestFramework.udemyFrame.textFieldValidate" name="homepage1" time="0.031"/>
  <testcase classname="TestFramework.udemyFrame.textFieldValidate" name="subscribe" time="0.028"/>
</testsuite> <!-- Validating Text -->
