<?xml version="1.0" encoding="UTF-8"?>
<testsuite xmlns:xsi="http://www.w3.org/2001/XMLSchema-instance" xsi:noNamespaceSchemaLocation="https://maven.apache.org/surefire/maven-surefire-plugin/xsd/surefire-test-report-3.0.xsd" version="3.0" name="TestSuite" time="177.286" tests="8" errors="0" skipped="0" failures="0">
  <properties>
[...]
</properties>
  <testcase name="homepage" classname="TestFramework.udemyFrame.textFieldValidate" time="0.028">
    <system-out><![CDATA[chrome
Automation Practice | Ultimate QA
]]></system-out>
    <system-err><![CDATA[Starting ChromeDriver 97.0.4692.71 (adefa7837d02a07a604c1e6eff0b3a09422ab88d-refs/branch-heads/4692@{#1247}) on port 28766
Only local connections are allowed.
Please see https://chromedriver.chromium.org/security-considerations for suggestions on keeping ChromeDriver safe.
ChromeDriver was started successfully.
Feb 09, 2022 9:35:31 PM org.openqa.selenium.remote.ProtocolHandshake createSession
INFO: Detected dialect: W3C
]]></system-err>
  </testcase>
  <testcase name="homepage1" classname="TestFramework.udemyFrame.textFieldValidate" time="0.03"/>
  <testcase name="subscribe" classname="TestFramework.udemyFrame.textFieldValidate" time="0.027"/>
  <testcase name="homepage" classname="TestFramework.udemyFrame.headerValidate" time="0.065">
    <system-out><![CDATA[chrome
Automation Practice | Ultimate QA
]]></system-out>
    <system-err><![CDATA[Starting ChromeDriver 97.0.4692.71 (adefa7837d02a07a604c1e6eff0b3a09422ab88d-refs/branch-heads/4692@{#1247}) on port 33432
Only local connections are allowed.
Please see https://chromedriver.chromium.org/security-considerations for suggestions on keeping ChromeDriver safe.
ChromeDriver was started successfully.
Feb 09, 2022 9:35:40 PM org.openqa.selenium.remote.ProtocolHandshake createSession
INFO: Detected dialect: W3C
]]></system-err>
  </testcase>
  <testcase name="homepage1" classname="TestFramework.udemyFrame.headerValidate" time="0.047"/>
  <testcase name="homepage[abcd@gmai.com, Pass@123, Registered User](1)" classname="TestFramework.udemyFrame.basepageNavigation" time="42.607">
    <system-out><![CDATA[chrome
Automation Practice | Ultimate QA
Registered User
]]></system-out>
    <system-err><![CDATA[Starting ChromeDriver 97.0.4692.71 (adefa7837d02a07a604c1e6eff0b3a09422ab88d-refs/branch-heads/4692@{#1247}) on port 41153
Only local connections are allowed.
Please see https://chromedriver.chromium.org/security-considerations for suggestions on keeping ChromeDriver safe.
ChromeDriver was started successfully.
Feb 09, 2022 9:35:49 PM org.openqa.selenium.remote.ProtocolHandshake createSession
INFO: Detected dialect: W3C
]]></system-err>
  </testcase>
  <testcase name="homepage[abc@gmail.com, Password@123, DOnt have an account register](2)" classname="TestFramework.udemyFrame.basepageNavigation" time="38.921">
    <system-out><![CDATA[chrome
Automation Practice | Ultimate QA
DOnt have an account register
]]></system-out>
    <system-err><![CDATA[Starting ChromeDriver 97.0.4692.71 (adefa7837d02a07a604c1e6eff0b3a09422ab88d-refs/branch-heads/4692@{#1247}) on port 41436
Only local connections are allowed.
Please see https://chromedriver.chromium.org/security-considerations for suggestions on keeping ChromeDriver safe.
ChromeDriver was started successfully.
Feb 09, 2022 9:36:31 PM org.openqa.selenium.remote.ProtocolHandshake createSession
INFO: Detected dialect: W3C
]]></system-err>
  </testcase>
  <testcase name="checkBrokenLinks" classname="TestFramework.udemyFrame.brokenLinks" time="68.876">
    <system-out><![CDATA[chrome
https://courses.ultimateqa.com/collections is a valid link
https://ultimateqa.com/selenium-webdriver-java-course/ is a valid link
https://courses.ultimateqa.com/courses/selenium-with-c is a valid link
https://ultimateqa.com/best-selenium-webdriver-resources/ is a valid link
https://ultimateqa.com/automation/ is a valid link
https://ultimateqa.com/consulting/ is a valid link
https://ultimateqa.com/blog/ is a valid link
https://ultimateqa.com/complicated-page is a valid link
https://ultimateqa.com/fake-landing-page is a valid link
https://ultimateqa.com/fake-pricing-page is a valid link
https://ultimateqa.com/filling-out-forms/ is a valid link
https://ultimateqa.com/sample-application-lifecycle-sprint-1/ is a valid link
http://courses.ultimateqa.com/users/sign_in is a valid link
https://ultimateqa.com/simple-html-elements-for-automation/ is a valid link
https://twitter.com/intent/tweet?text=Automation+Practice&url=https%3A%2F%2Fultimateqa.com%2Fautomation%2F%3Futm_source%3Dtwitter%26utm_medium%3DSocial%26utm_campaign%3DSocialWarfare&via=Nikolay_a00 is a valid link
https://www.facebook.com/share.php?u=https%3A%2F%2Fultimateqa.com%2Fautomation%2F%3Futm_source%3Dfacebook%26utm_medium%3DSocial%26utm_campaign%3DSocialWarfare is a valid link
https://www.linkedin.com/cws/share?url=https%3A%2F%2Fultimateqa.com%2Fautomation%2F%3Futm_source%3Dlinkedin%26utm_medium%3DSocial%26utm_campaign%3DSocialWarfare is a valid link
https://ultimateqa.com/about/ is a valid link
https://ultimateqa.com/affiliate/ is a valid link
https://ultimateqa.com/consulting/ is a valid link
http://courses.ultimateqa.com/pages/terms is a valid link
http://courses.ultimateqa.com/pages/privacy is a valid link
https://www.youtube.com/channel/UCVZXj9vKyZ6L2OakzRH2aOQ?sub_confirmation=1 is a valid link
https://www.facebook.com/Ultimateqa1/ is a valid link
https://ultimateqa.com/contact/ is a valid link
https://twitter.com/intent/tweet?text=Automation+Practice&url=https%3A%2F%2Fultimateqa.com%2Fautomation%2F%3Futm_source%3Dtwitter%26utm_medium%3DSocial%26utm_campaign%3DSocialWarfare&via=Nikolay_a00 is a valid link
https://www.facebook.com/share.php?u=https%3A%2F%2Fultimateqa.com%2Fautomation%2F%3Futm_source%3Dfacebook%26utm_medium%3DSocial%26utm_campaign%3DSocialWarfare is a valid link
https://www.linkedin.com/cws/share?url=https%3A%2F%2Fultimateqa.com%2Fautomation%2F%3Futm_source%3Dlinkedin%26utm_medium%3DSocial%26utm_campaign%3DSocialWarfare is a valid link
]]></system-out>
    <system-err><![CDATA[Starting ChromeDriver 97.0.4692.71 (adefa7837d02a07a604c1e6eff0b3a09422ab88d-refs/branch-heads/4692@{#1247}) on port 30595
Only local connections are allowed.
Please see https://chromedriver.chromium.org/security-considerations for suggestions on keeping ChromeDriver safe.
ChromeDriver was started successfully.
Feb 09, 2022 9:37:10 PM org.openqa.selenium.remote.ProtocolHandshake createSession
INFO: Detected dialect: W3C
]]></system-err>
  </testcase>
</testsuite>