<?xml version="1.0" encoding="UTF-8"?>
<testng-results ignored="0" total="8" passed="8" failed="0" skipped="0">
  <reporter-output>
  </reporter-output>
  <suite started-at="2022-02-09T21:35:29 IST" name="Suite" finished-at="2022-02-09T21:38:25 IST" duration-ms="176530">
    <groups>
    </groups>
    <test started-at="2022-02-09T21:35:29 IST" name="Validating Text" finished-at="2022-02-09T21:35:38 IST" duration-ms="8896">
      <class name="TestFramework.udemyFrame.textFieldValidate">
        <test-method is-config="true" signature="initialize()[pri:0, instance:TestFramework.udemyFrame.textFieldValidate@5456afaa]" started-at="2022-02-09T21:35:29 IST" name="initialize" finished-at="2022-02-09T21:35:38 IST" duration-ms="8584" status="PASS">
          <reporter-output>
          </reporter-output>
        </test-method> <!-- initialize -->
        <test-method signature="homepage()[pri:0, instance:TestFramework.udemyFrame.textFieldValidate@5456afaa]" started-at="2022-02-09T21:35:38 IST" name="homepage" finished-at="2022-02-09T21:35:38 IST" duration-ms="56" status="PASS">
          <reporter-output>
          </reporter-output>
        </test-method> <!-- homepage -->
        <test-method signature="homepage1()[pri:0, instance:TestFramework.udemyFrame.textFieldValidate@5456afaa]" started-at="2022-02-09T21:35:38 IST" name="homepage1" finished-at="2022-02-09T21:35:38 IST" duration-ms="31" status="PASS">
          <reporter-output>
          </reporter-output>
        </test-method> <!-- homepage1 -->
        <test-method signature="subscribe()[pri:0, instance:TestFramework.udemyFrame.textFieldValidate@5456afaa]" started-at="2022-02-09T21:35:38 IST" name="subscribe" finished-at="2022-02-09T21:35:38 IST" duration-ms="28" status="PASS">
          <reporter-output>
          </reporter-output>
        </test-method> <!-- subscribe -->
        <test-method is-config="true" signature="tearDown()[pri:0, instance:TestFramework.udemyFrame.textFieldValidate@5456afaa]" started-at="2022-02-09T21:35:38 IST" name="tearDown" finished-at="2022-02-09T21:35:38 IST" duration-ms="158" status="PASS">
          <reporter-output>
          </reporter-output>
        </test-method> <!-- tearDown -->
      </class> <!-- TestFramework.udemyFrame.textFieldValidate -->
    </test> <!-- Validating Text -->
    <test started-at="2022-02-09T21:35:39 IST" name="Validating header" finished-at="2022-02-09T21:35:47 IST" duration-ms="8768">
      <class name="TestFramework.udemyFrame.headerValidate">
        <test-method is-config="true" signature="initialize()[pri:0, instance:TestFramework.udemyFrame.headerValidate@7fc4780b]" started-at="2022-02-09T21:35:39 IST" name="initialize" finished-at="2022-02-09T21:35:47 IST" duration-ms="8524" status="PASS">
          <reporter-output>
          </reporter-output>
        </test-method> <!-- initialize -->
        <test-method signature="homepage()[pri:0, instance:TestFramework.udemyFrame.headerValidate@7fc4780b]" started-at="2022-02-09T21:35:47 IST" name="homepage" finished-at="2022-02-09T21:35:47 IST" duration-ms="99" status="PASS">
          <reporter-output>
          </reporter-output>
        </test-method> <!-- homepage -->
        <test-method signature="homepage1()[pri:0, instance:TestFramework.udemyFrame.headerValidate@7fc4780b]" started-at="2022-02-09T21:35:47 IST" name="homepage1" finished-at="2022-02-09T21:35:47 IST" duration-ms="48" status="PASS">
          <reporter-output>
          </reporter-output>
        </test-method> <!-- homepage1 -->
        <test-method is-config="true" signature="tearDown()[pri:0, instance:TestFramework.udemyFrame.headerValidate@7fc4780b]" started-at="2022-02-09T21:35:47 IST" name="tearDown" finished-at="2022-02-09T21:35:47 IST" duration-ms="94" status="PASS">
          <reporter-output>
          </reporter-output>
        </test-method> <!-- tearDown -->
      </class> <!-- TestFramework.udemyFrame.headerValidate -->
    </test> <!-- Validating header -->
    <test started-at="2022-02-09T21:35:47 IST" name="Base Page" finished-at="2022-02-09T21:37:09 IST" duration-ms="81610">
      <class name="TestFramework.udemyFrame.basepageNavigation">
        <test-method signature="homepage(java.lang.String, java.lang.String, java.lang.String)[pri:0, instance:TestFramework.udemyFrame.basepageNavigation@1e4d3ce5]" started-at="2022-02-09T21:35:47 IST" name="homepage" data-provider="getData" finished-at="2022-02-09T21:36:30 IST" duration-ms="42581" status="PASS">
          <params>
            <param index="0">
              <value>
                <![CDATA[abcd@gmai.com]]>
              </value>
            </param>
            <param index="1">
              <value>
                <![CDATA[Pass@123]]>
              </value>
            </param>
            <param index="2">
              <value>
                <![CDATA[Registered User]]>
              </value>
            </param>
          </params>
          <reporter-output>
          </reporter-output>
        </test-method> <!-- homepage -->
        <test-method signature="homepage(java.lang.String, java.lang.String, java.lang.String)[pri:0, instance:TestFramework.udemyFrame.basepageNavigation@1e4d3ce5]" started-at="2022-02-09T21:36:30 IST" name="homepage" data-provider="getData" finished-at="2022-02-09T21:37:09 IST" duration-ms="38916" status="PASS">
          <params>
            <param index="0">
              <value>
                <![CDATA[abc@gmail.com]]>
              </value>
            </param>
            <param index="1">
              <value>
                <![CDATA[Password@123]]>
              </value>
            </param>
            <param index="2">
              <value>
                <![CDATA[DOnt have an account register]]>
              </value>
            </param>
          </params>
          <reporter-output>
          </reporter-output>
        </test-method> <!-- homepage -->
        <test-method is-config="true" signature="tearDown()[pri:0, instance:TestFramework.udemyFrame.basepageNavigation@1e4d3ce5]" started-at="2022-02-09T21:37:09 IST" name="tearDown" finished-at="2022-02-09T21:37:09 IST" duration-ms="99" status="PASS">
          <reporter-output>
          </reporter-output>
        </test-method> <!-- tearDown -->
      </class> <!-- TestFramework.udemyFrame.basepageNavigation -->
    </test> <!-- Base Page -->
    <test started-at="2022-02-09T21:37:09 IST" name="Broken Links" finished-at="2022-02-09T21:38:25 IST" duration-ms="76431">
      <class name="TestFramework.udemyFrame.brokenLinks">
        <test-method is-config="true" signature="initialize()[pri:0, instance:TestFramework.udemyFrame.brokenLinks@1bab8268]" started-at="2022-02-09T21:37:09 IST" name="initialize" finished-at="2022-02-09T21:37:17 IST" duration-ms="7445" status="PASS">
          <reporter-output>
          </reporter-output>
        </test-method> <!-- initialize -->
        <test-method signature="checkBrokenLinks()[pri:0, instance:TestFramework.udemyFrame.brokenLinks@1bab8268]" started-at="2022-02-09T21:37:17 IST" name="checkBrokenLinks" finished-at="2022-02-09T21:38:25 IST" duration-ms="68847" status="PASS">
          <reporter-output>
          </reporter-output>
        </test-method> <!-- checkBrokenLinks -->
        <test-method is-config="true" signature="tearDown()[pri:0, instance:TestFramework.udemyFrame.brokenLinks@1bab8268]" started-at="2022-02-09T21:38:25 IST" name="tearDown" finished-at="2022-02-09T21:38:25 IST" duration-ms="138" status="PASS">
          <reporter-output>
          </reporter-output>
        </test-method> <!-- tearDown -->
      </class> <!-- TestFramework.udemyFrame.brokenLinks -->
    </test> <!-- Broken Links -->
  </suite> <!-- Suite -->
</testng-results>
